<?xml version="1.0" encoding="UTF-8"?>
<!-- Generated by org.testng.reporters.JUnitReportReporter -->
<testsuite hostname="ARMSIT-SAIF" failures="0" tests="1" name="com.test.transmedia.BaseTest" time="2.423" errors="0" timestamp="2024-07-17T13:17:07 AST" skipped="0">
  <testcase classname="com.test.transmedia.BaseTest" name="testCreateBoardAndLists" time="2.423"/>
  <system-out/>
</testsuite> <!-- com.test.transmedia.BaseTest -->
